0 info it worked if it ends with ok
1 verbose cli [ 'E:\\b_node\\node.exe',
1 verbose cli   'E:\\b_node\\node_modules\\npm\\bin\\npm-cli.js',
1 verbose cli   'run',
1 verbose cli   'dev',
1 verbose cli   '--no-cache' ]
2 info using npm@5.6.0
3 info using node@v8.11.4
4 verbose run-script [ 'predev', 'dev', 'postdev' ]
5 info lifecycle Vua@0.0.1~predev: Vua@0.0.1
6 info lifecycle Vua@0.0.1~dev: Vua@0.0.1
7 verbose lifecycle Vua@0.0.1~dev: unsafe-perm in lifecycle true
8 verbose lifecycle Vua@0.0.1~dev: PATH: E:\b_node\node_modules\npm\node_modules\npm-lifecycle\node-gyp-bin;G:\04 Project\Vea\node_modules\.bin;C:\Users\Ygm\local;C:\Users\Ygm\bin;E:\b_git\mingw32\bin;E:\b_git\usr\local\bin;E:\b_git\usr\bin;E:\b_git\usr\bin;E:\b_git\mingw32\bin;E:\b_git\usr\bin;C:\Users\Ygm\bin;C:\Program Files\Common Files\Oracle\Java\javapath;C:\WINDOWS\system32;C:\WINDOWS;C:\WINDOWS\System32\Wbem;C:\WINDOWS\System32\WindowsPowerShell\v1.0;E:\c_yarn\bin;E:\b_java\jdk\bin;E:\b_java\jre\bin;E:\b_git\cmd;E:\b_git\mingw32\bin;E:\b_git\usr\bin;C:\WINDOWS\System32\OpenSSH;E:\b_vscode\bin;E:\b_node;E:\b_python\Scripts;E:\b_python;C:\Users\Ygm\AppData\Local\Microsoft\WindowsApps;C:\Program Files\Bandizip;C:\Users\Ygm\AppData\Local\Microsoft\WindowsApps;C:\Users\Ygm\AppData\Local\Yarn\bin;E:\b_vscode\bin;C:\Users\Ygm\AppData\Roaming\npm;F:\a-webstorm\bin;E:\b_git\usr\bin\vendor_perl;E:\b_git\usr\bin\core_perl
9 verbose lifecycle Vua@0.0.1~dev: CWD: G:\04 Project\Vea
10 silly lifecycle Vua@0.0.1~dev: Args: [ '/d /s /c', 'parcel index.html' ]
11 silly lifecycle Vua@0.0.1~dev: Returned: code: 1  signal: null
12 info lifecycle Vua@0.0.1~dev: Failed to exec dev script
13 verbose stack Error: Vua@0.0.1 dev: `parcel index.html`
13 verbose stack Exit status 1
13 verbose stack     at EventEmitter.<anonymous> (E:\b_node\node_modules\npm\node_modules\npm-lifecycle\index.js:285:16)
13 verbose stack     at emitTwo (events.js:126:13)
13 verbose stack     at EventEmitter.emit (events.js:214:7)
13 verbose stack     at ChildProcess.<anonymous> (E:\b_node\node_modules\npm\node_modules\npm-lifecycle\lib\spawn.js:55:14)
13 verbose stack     at emitTwo (events.js:126:13)
13 verbose stack     at ChildProcess.emit (events.js:214:7)
13 verbose stack     at maybeClose (internal/child_process.js:925:16)
13 verbose stack     at Process.ChildProcess._handle.onexit (internal/child_process.js:209:5)
14 verbose pkgid Vua@0.0.1
15 verbose cwd G:\04 Project\Vea
16 verbose Windows_NT 10.0.18362
17 verbose argv "E:\\b_node\\node.exe" "E:\\b_node\\node_modules\\npm\\bin\\npm-cli.js" "run" "dev" "--no-cache"
18 verbose node v8.11.4
19 verbose npm  v5.6.0
20 error code ELIFECYCLE
21 error errno 1
22 error Vua@0.0.1 dev: `parcel index.html`
22 error Exit status 1
23 error Failed at the Vua@0.0.1 dev script.
23 error This is probably not a problem with npm. There is likely additional logging output above.
24 verbose exit [ 1, true ]
